<?xml version="1.0" encoding="UTF-8"?>
<!-- Generated by org.testng.reporters.JUnitReportReporter -->
<testsuite hostname="DESKTOP-FIK5SPH" failures="0" tests="1" name="testCases.Cart_Page_Test" time="14.667" errors="0" timestamp="2023-12-31T16:59:52 IST" skipped="0">
  <testcase classname="testCases.Cart_Page_Test" name="verifyCartpageurlTest" time="14.667"/>
  <system-out>
    <![CDATA[Current page URL of cart_page=https://www.saucedemo.com/cart.html]]>
  </system-out>
</testsuite> <!-- testCases.Cart_Page_Test -->
