<?xml version="1.0" encoding="UTF-8"?>
<!-- Generated by org.testng.reporters.JUnitReportReporter -->
<testsuite hostname="DESKTOP-FIK5SPH" failures="0" tests="10" name="testCases.Checkoutpagetest2" time="104.488" errors="0" timestamp="2023-12-27T14:30:22 IST" skipped="0">
  <testcase classname="testCases.Checkoutpagetest2" name="verifyApplogoTest" time="13.949"/>
  <system-out/>
  <testcase classname="testCases.Checkoutpagetest2" name="verifyfreedeleveryTest" time="9.809"/>
  <system-out/>
  <testcase classname="testCases.Checkoutpagetest2" name="verifyURLTest" time="9.654"/>
  <system-out/>
  <testcase classname="testCases.Checkoutpagetest2" name="verifypaymentinformationTextTest" time="10.177"/>
  <system-out/>
  <testcase classname="testCases.Checkoutpagetest2" name="verifycancleBtnTest" time="9.894"/>
  <system-out/>
  <testcase classname="testCases.Checkoutpagetest2" name="verifypricetotaltextTest" time="10.871"/>
  <system-out/>
  <testcase classname="testCases.Checkoutpagetest2" name="verifyfinishBtnTest" time="10.695"/>
  <system-out/>
  <testcase classname="testCases.Checkoutpagetest2" name="verifycheckoutoverviewTest" time="10.187"/>
  <system-out/>
  <testcase classname="testCases.Checkoutpagetest2" name="verifysauceCardTest" time="9.724"/>
  <system-out/>
  <testcase classname="testCases.Checkoutpagetest2" name="verifyshippinginformationTextTest" time="9.528"/>
  <system-out/>
</testsuite> <!-- testCases.Checkoutpagetest2 -->
