<?xml version="1.0" encoding="UTF-8"?>
<!-- Generated by org.testng.reporters.JUnitReportReporter -->
<testsuite hostname="DESKTOP-FIK5SPH" failures="0" tests="3" name="testCases.inventry_page_Test1" time="30.418" errors="0" timestamp="2023-12-31T16:59:52 IST" skipped="0">
  <testcase classname="testCases.inventry_page_Test1" name="add6product" time="10.367"/>
  <system-out/>
  <testcase classname="testCases.inventry_page_Test1" name="verifyTwitterLogo" time="9.832"/>
  <system-out>
    <![CDATA[Visibility of TwitterLogotrue]]>
  </system-out>
  <testcase classname="testCases.inventry_page_Test1" name="remove2productTest" time="10.219"/>
  <system-out>
    <![CDATA[Number of product aftre removing = 4]]>
  </system-out>
</testsuite> <!-- testCases.inventry_page_Test1 -->
