<?xml version="1.0" encoding="UTF-8"?>
<!-- Generated by org.testng.reporters.JUnitReportReporter -->
<testsuite hostname="DESKTOP-FIK5SPH" failures="0" tests="4" name="testCases.CheckOutPageTest" time="42.206" errors="0" timestamp="2023-12-27T12:44:57 IST" skipped="0">
  <testcase classname="testCases.CheckOutPageTest" name="verifyLableTest" time="11.820"/>
  <system-out/>
  <testcase classname="testCases.CheckOutPageTest" name="cancleBtnTest" time="10.195"/>
  <system-out/>
  <testcase classname="testCases.CheckOutPageTest" name="verifyURLTest" time="9.695"/>
  <system-out/>
  <testcase classname="testCases.CheckOutPageTest" name="inputInfoTest" time="10.496"/>
  <system-out/>
</testsuite> <!-- testCases.CheckOutPageTest -->
