<?xml version="1.0" encoding="UTF-8"?>
<!-- Generated by org.testng.reporters.JUnitReportReporter -->
<testsuite hostname="DESKTOP-FIK5SPH" failures="0" tests="2" name="testCases.LoginPageTest" time="15.592" errors="0" timestamp="2023-12-31T16:59:52 IST" skipped="0">
  <testcase classname="testCases.LoginPageTest" name="loginToApplication" time="8.136"/>
  <system-out>
    <![CDATA[After Login inventory page should be come = https://www.saucedemo.com/inventory.html]]>
  </system-out>
  <testcase classname="testCases.LoginPageTest" name="verifyURLApplicationTest" time="7.456"/>
  <system-out/>
</testsuite> <!-- testCases.LoginPageTest -->
